{"name": "test_case01", "status": "failed", "statusDetails": {"message": "AssertionError: assert 1 == 2", "trace": "self = <package1.test_01.Test1 object at 0x000002331561B448>\n\n    @allure.step(title = \"allure.step的title效果展示...\")\n    @pytest.mark.P0\n    def test_case01(self):\n>       assert 1 == 2\nE       assert 1 == 2\n\ntest_01.py:9: AssertionError"}, "steps": [{"name": "allure.step的title效果展示...", "status": "failed", "statusDetails": {"message": "AssertionError: assert 1 == 2\n", "trace": "  File \"C:\\Users\\lijy11\\.virtualenvs\\practise_library-GTov-X0x\\lib\\site-packages\\allure_commons\\_allure.py\", line 172, in impl\n    return func(*a, **kw)\n  File \"D:\\auto_test\\practise_library\\package1\\test_01.py\", line 9, in test_case01\n    assert 1 == 2\n"}, "start": 1611276976460, "stop": 1611276976460}], "start": 1611276976460, "stop": 1611276976476, "uuid": "2707cd6d-22a8-44c0-9d39-16d762e42146", "historyId": "a85e5bab26d3470d93199a2527f1a9b3", "testCaseId": "66006d8d04f4ca9ad1be9fd990263480", "fullName": "package1.test_01.Test1#test_case01", "labels": [{"name": "tag", "value": "P0"}, {"name": "parentSuite", "value": "package1"}, {"name": "suite", "value": "test_01"}, {"name": "subSuite", "value": "Test1"}, {"name": "host", "value": "00-26lijy11"}, {"name": "thread", "value": "19292-MainThread"}, {"name": "framework", "value": "pytest"}, {"name": "language", "value": "cpython3"}, {"name": "package", "value": "package1.test_01"}]}